GROUP,PACKAGE,CLASS,INSTRUCTION_MISSED,INSTRUCTION_COVERED,BRANCH_MISSED,BRANCH_COVERED,LINE_MISSED,LINE_COVERED,COMPLEXITY_MISSED,COMPLEXITY_COVERED,METHOD_MISSED,METHOD_COVERED
digitaluno,main.launcher,Main,17,0,0,0,6,0,2,0,2,0
digitaluno,main.Model,Carta,46,222,14,70,2,30,14,36,0,8
digitaluno,main.Model,Jugador,90,192,18,30,1,45,18,14,0,8
digitaluno,main.Model,Mazo,55,267,11,31,0,49,11,19,0,9
digitaluno,main.Model,Partida,122,422,31,69,0,90,29,39,0,16
digitaluno,main.Controller,JuegoController,5,777,0,72,2,228,0,55,0,17
digitaluno,main.View,ConsolaView,4,318,0,27,2,74,0,26,0,11
