<?xml version="1.0" encoding="UTF-8"?>
<testsuite xmlns:xsi="http://www.w3.org/2001/XMLSchema-instance" xsi:noNamespaceSchemaLocation="https://maven.apache.org/surefire/maven-surefire-plugin/xsd/surefire-test-report-3.0.xsd" version="3.0" name="test.ModelTest.JugadorTest" time="0.018" tests="8" errors="0" skipped="0" failures="0">
  <properties>
[...]
</properties>
  <testcase name="testDecirUNOConUnaCarta" classname="test.ModelTest.JugadorTest" time="0.003"/>
  <testcase name="testGetMano" classname="test.ModelTest.JugadorTest" time="0.002"/>
  <testcase name="testJugarCartaInvalida" classname="test.ModelTest.JugadorTest" time="0.001"/>
  <testcase name="testDecirUNOConMasDeUnaCarta" classname="test.ModelTest.JugadorTest" time="0.002"/>
  <testcase name="testJugarCartaValida" classname="test.ModelTest.JugadorTest" time="0.001"/>
  <testcase name="testRobarCartaReseteaHaDichoUNO" classname="test.ModelTest.JugadorTest" time="0.001"/>
  <testcase name="testGetNombre" classname="test.ModelTest.JugadorTest" time="0.001"/>
  <testcase name="testRobarCarta" classname="test.ModelTest.JugadorTest" time="0.0"/>
</testsuite>